[handleMsg]:  {
  key: {
    remoteJid: '51936899419@s.whatsapp.net',
    fromMe: false,
    id: 'B4767E872E785EDA83A37A299183B962',
    participant: undefined
  },
  messageTimestamp: 1727396157,
  pushName: 'Franchesco',
  broadcast: false,
  message: Message {
    conversation: 'hola',
    messageContextInfo: MessageContextInfo {
      deviceListMetadata: [DeviceListMetadata],
      deviceListMetadataVersion: 2,
      messageSecret: [Uint8Array]
    }
  },
  body: 'hola',
  from: '51936899419'
}
[handleMsg]:  {
  key: {
    remoteJid: '51924162690@s.whatsapp.net',
    fromMe: false,
    id: '3F73355F88D04EC13414',
    participant: undefined
  },
  messageTimestamp: 1727396159,
  pushName: '~Jusepe',
  broadcast: false,
  message: Message {
    extendedTextMessage: ExtendedTextMessage {
      text: 'franchesco',
      contextInfo: [ContextInfo]
    },
    messageContextInfo: MessageContextInfo {
      deviceListMetadata: [DeviceListMetadata],
      deviceListMetadataVersion: 2
    }
  },
  body: 'franchesco',
  from: '51924162690'
}
[handleMsg]:  {
  key: {
    remoteJid: '51924162690@s.whatsapp.net',
    fromMe: false,
    id: '3F1B6C629D3C2C26E947',
    participant: undefined
  },
  messageTimestamp: 1727396168,
  pushName: '~Jusepe',
  broadcast: false,
  message: Message {
    extendedTextMessage: ExtendedTextMessage {
      text: 'francehsco',
      contextInfo: [ContextInfo]
    },
    messageContextInfo: MessageContextInfo {
      deviceListMetadata: [DeviceListMetadata],
      deviceListMetadataVersion: 2
    }
  },
  body: 'francehsco',
  from: '51924162690'
}
[QUEUE_SE_ENVIO]:  {
  ref: 'ans_e66aa3ad-dfc2-47c6-b655-81d3876e2afa',
  keyword: 'key_d4926c87-cb60-4d89-a708-e1f3e2682d1c',
  answer: '🙌 Hola bienvenido a este *Chatbot Cornudo*',
  options: {
    media: null,
    buttons: [],
    capture: false,
    child: null,
    delay: 0,
    idle: null,
    ref: null,
    nested: [],
    keyword: {},
    callback: false
  },
  refSerialize: 'b647b5c7b1309332037321877c7ee802'
}
[QUEUE_SE_ENVIO]:  {
  ref: 'ans_64539203-56d3-4700-ac9b-c9157e60e02f',
  keyword: 'ans_e66aa3ad-dfc2-47c6-b655-81d3876e2afa',
  answer: 'te comparto los siguientes links de interes sobre el proyecto\n' +
    '👉 *doc* para ver la documentación de los cuernos\n' +
    '👉 *gracias*  para ver la lista de videos de los cuernos\n' +
    '👉 *discord* unirte al discord de cuernos',
  options: {
    media: null,
    buttons: [],
    capture: false,
    child: null,
    delay: 0,
    idle: null,
    ref: null,
    nested: [
      [Object], [Object],
      [Object], [Object],
      [Object], [Object],
      [Object], [Object]
    ],
    keyword: {},
    callback: false
  },
  refSerialize: '91ff70d5fb73f3c035f75985453f8a2b'
}
[handleMsg]:  {
  key: {
    remoteJid: '51936899419@s.whatsapp.net',
    fromMe: false,
    id: '2C34D9687F4D87CDD8A653DF20FB5835',
    participant: undefined
  },
  messageTimestamp: 1727396173,
  pushName: 'Franchesco',
  broadcast: false,
  message: Message {
    conversation: 'Puto',
    messageContextInfo: MessageContextInfo {
      deviceListMetadata: [DeviceListMetadata],
      deviceListMetadataVersion: 2,
      messageSecret: [Uint8Array]
    }
  },
  body: 'Puto',
  from: '51936899419'
}
[handleMsg]:  {
  key: {
    remoteJid: '51924162690@s.whatsapp.net',
    fromMe: false,
    id: '3F9D14B3929A39116E61',
    participant: undefined
  },
  messageTimestamp: 1727396176,
  pushName: '~Jusepe',
  broadcast: false,
  message: Message {
    extendedTextMessage: ExtendedTextMessage { text: 'ga', contextInfo: [ContextInfo] },
    messageContextInfo: MessageContextInfo {
      deviceListMetadata: [DeviceListMetadata],
      deviceListMetadataVersion: 2
    }
  },
  body: 'ga',
  from: '51924162690'
}
[handleMsg]:  {
  key: {
    remoteJid: '51924162690@s.whatsapp.net',
    fromMe: false,
    id: '3F8A6991F94DFE2852B5',
    participant: undefined
  },
  messageTimestamp: 1727396184,
  pushName: '~Jusepe',
  broadcast: false,
  message: Message {
    extendedTextMessage: ExtendedTextMessage { text: 'doc', contextInfo: [ContextInfo] },
    messageContextInfo: MessageContextInfo {
      deviceListMetadata: [DeviceListMetadata],
      deviceListMetadataVersion: 2
    }
  },
  body: 'doc',
  from: '51924162690'
}
[handleMsg]:  {
  key: {
    remoteJid: '51924162690@s.whatsapp.net',
    fromMe: false,
    id: '3FDACA8762042B837996',
    participant: undefined
  },
  messageTimestamp: 1727396195,
  pushName: '~Jusepe',
  broadcast: false,
  message: Message {
    extendedTextMessage: ExtendedTextMessage { text: 'gracias', contextInfo: [ContextInfo] },
    messageContextInfo: MessageContextInfo {
      deviceListMetadata: [DeviceListMetadata],
      deviceListMetadataVersion: 2
    }
  },
  body: 'gracias',
  from: '51924162690'
}
[handleMsg]:  {
  key: {
    remoteJid: '51924162690@s.whatsapp.net',
    fromMe: false,
    id: '3F37F2D038F6F7FD7BCE',
    participant: undefined
  },
  messageTimestamp: 1727396206,
  pushName: '~Jusepe',
  broadcast: false,
  message: Message {
    extendedTextMessage: ExtendedTextMessage { text: 'doc', contextInfo: [ContextInfo] },
    messageContextInfo: MessageContextInfo {
      deviceListMetadata: [DeviceListMetadata],
      deviceListMetadataVersion: 2
    }
  },
  body: 'doc',
  from: '51924162690'
}
[handleMsg]:  {
  key: {
    remoteJid: '51924162690@s.whatsapp.net',
    fromMe: false,
    id: '3FE34214173EFE1E1A48',
    participant: undefined
  },
  messageTimestamp: 1727396215,
  pushName: '~Jusepe',
  broadcast: false,
  message: Message {
    extendedTextMessage: ExtendedTextMessage { text: 'chcha', contextInfo: [ContextInfo] },
    messageContextInfo: MessageContextInfo {
      deviceListMetadata: [DeviceListMetadata],
      deviceListMetadataVersion: 2
    }
  },
  body: 'chcha',
  from: '51924162690'
}
[handleMsg]:  {
  key: {
    remoteJid: '51924162690@s.whatsapp.net',
    fromMe: false,
    id: '3FB957B99F6F05F833E5',
    participant: undefined
  },
  messageTimestamp: 1727396218,
  pushName: '~Jusepe',
  broadcast: false,
  message: Message {
    extendedTextMessage: ExtendedTextMessage {
      text: 'tan gozu?',
      contextInfo: [ContextInfo]
    },
    messageContextInfo: MessageContextInfo {
      deviceListMetadata: [DeviceListMetadata],
      deviceListMetadataVersion: 2
    }
  },
  body: 'tan gozu?',
  from: '51924162690'
}
[handleMsg]:  {
  key: {
    remoteJid: '51936899419@s.whatsapp.net',
    fromMe: false,
    id: 'E1094E2CBEE4A4BAB85F3A49ED4C16CB',
    participant: undefined
  },
  messageTimestamp: 1727396232,
  pushName: 'Franchesco',
  broadcast: false,
  message: Message {
    conversation: 'franchesco',
    messageContextInfo: MessageContextInfo {
      deviceListMetadata: [DeviceListMetadata],
      deviceListMetadataVersion: 2,
      messageSecret: [Uint8Array]
    }
  },
  body: 'franchesco',
  from: '51936899419'
}
[handleMsg]:  {
  key: {
    remoteJid: '51936899419@s.whatsapp.net',
    fromMe: false,
    id: 'F6CEE9BBE37F41C544B44C54925C3158',
    participant: undefined
  },
  messageTimestamp: 1727396245,
  pushName: 'Franchesco',
  broadcast: false,
  message: Message {
    conversation: 'francehsco',
    messageContextInfo: MessageContextInfo {
      deviceListMetadata: [DeviceListMetadata],
      deviceListMetadataVersion: 2,
      messageSecret: [Uint8Array]
    }
  },
  body: 'francehsco',
  from: '51936899419'
}
[QUEUE_SE_ENVIO]:  {
  ref: 'ans_e66aa3ad-dfc2-47c6-b655-81d3876e2afa',
  keyword: 'key_d4926c87-cb60-4d89-a708-e1f3e2682d1c',
  answer: '🙌 Hola bienvenido a este *Chatbot Cornudo*',
  options: {
    media: null,
    buttons: [],
    capture: false,
    child: null,
    delay: 0,
    idle: null,
    ref: null,
    nested: [],
    keyword: {},
    callback: false
  },
  refSerialize: 'b647b5c7b1309332037321877c7ee802'
}
[QUEUE_SE_ENVIO]:  {
  ref: 'ans_64539203-56d3-4700-ac9b-c9157e60e02f',
  keyword: 'ans_e66aa3ad-dfc2-47c6-b655-81d3876e2afa',
  answer: 'te comparto los siguientes links de interes sobre el proyecto\n' +
    '👉 *doc* para ver la documentación de los cuernos\n' +
    '👉 *gracias*  para ver la lista de videos de los cuernos\n' +
    '👉 *discord* unirte al discord de cuernos',
  options: {
    media: null,
    buttons: [],
    capture: false,
    child: null,
    delay: 0,
    idle: null,
    ref: null,
    nested: [
      [Object], [Object],
      [Object], [Object],
      [Object], [Object],
      [Object], [Object]
    ],
    keyword: {},
    callback: false
  },
  refSerialize: '91ff70d5fb73f3c035f75985453f8a2b'
}
[handleMsg]:  {
  key: {
    remoteJid: '51936899419@s.whatsapp.net',
    fromMe: false,
    id: 'A28D0C9C0EF928421B3AC84CAE3BA1F2',
    participant: undefined
  },
  messageTimestamp: 1727396251,
  pushName: 'Franchesco',
  broadcast: false,
  message: Message {
    extendedTextMessage: ExtendedTextMessage {
      text: 'Tu bot sale chueco',
      previewType: 0,
      contextInfo: [ContextInfo],
      inviteLinkGroupTypeV2: 0
    },
    messageContextInfo: MessageContextInfo {
      deviceListMetadata: [DeviceListMetadata],
      deviceListMetadataVersion: 2,
      messageSecret: [Uint8Array]
    }
  },
  body: 'Tu bot sale chueco',
  from: '51936899419'
}
[handleMsg]:  {
  key: {
    remoteJid: '51936899419@s.whatsapp.net',
    fromMe: false,
    id: '3A7760C0AEF9643520D3BC6C616EDD26',
    participant: undefined
  },
  messageTimestamp: 1727396255,
  pushName: 'Franchesco',
  broadcast: false,
  message: Message {
    conversation: 'Pero funciona al parecer',
    messageContextInfo: MessageContextInfo {
      deviceListMetadata: [DeviceListMetadata],
      deviceListMetadataVersion: 2,
      messageSecret: [Uint8Array]
    }
  },
  body: 'Pero funciona al parecer',
  from: '51936899419'
}
[handleMsg]:  {
  key: {
    remoteJid: '51936899419@s.whatsapp.net',
    fromMe: false,
    id: 'FE8BEDAACC8F7EB36206312FAEEC107D',
    participant: undefined
  },
  messageTimestamp: 1727396257,
  pushName: 'Franchesco',
  broadcast: false,
  message: Message {
    conversation: 'Buena eh',
    messageContextInfo: MessageContextInfo {
      deviceListMetadata: [DeviceListMetadata],
      deviceListMetadataVersion: 2,
      messageSecret: [Uint8Array]
    }
  },
  body: 'Buena eh',
  from: '51936899419'
}
[handleMsg]:  {
  key: {
    remoteJid: '51936899419@s.whatsapp.net',
    fromMe: false,
    id: '6D48618C87C4B478EE0C12CF8A4E4F4F',
    participant: undefined
  },
  messageTimestamp: 1727396268,
  pushName: 'Franchesco',
  broadcast: false,
  message: Message {
    conversation: 'Mi nombre pues xd',
    messageContextInfo: MessageContextInfo {
      deviceListMetadata: [DeviceListMetadata],
      deviceListMetadataVersion: 2,
      messageSecret: [Uint8Array]
    }
  },
  body: 'Mi nombre pues xd',
  from: '51936899419'
}
